  Date.cpp
  Fraction.cpp
C:\Users\Rog\source\repos\HW20.01\Fraction.cpp(54,9): error C2678: бинарный "+": не найден оператор, принимающий левый операнд типа "const Fraction" (или приемлемое преобразование отсутствует)
C:\Users\Rog\source\repos\HW20.01\Fraction.h(50,11): message : может быть "Fraction Fraction::operator +(const Fraction &)"
C:\Users\Rog\source\repos\HW20.01\Fraction.cpp(52,10): message : или       "Fraction operator +(int,const Fraction &)"
C:\Program Files\Microsoft Visual Studio\2022\Community\VC\Tools\MSVC\14.37.32822\include\xstring(5002,62): message : или       "std::basic_string<_Elem,_Traits,_Alloc> std::operator +(std::basic_string<_Elem,_Traits,_Alloc> &&,const _Elem)"
C:\Users\Rog\source\repos\HW20.01\Fraction.cpp(54,9): message : 'std::basic_string<_Elem,_Traits,_Alloc> std::operator +(std::basic_string<_Elem,_Traits,_Alloc> &&,const _Elem)': не удалось вывести аргумент шаблон для 'std::basic_string<_Elem,_Traits,_Alloc> &&' из 'const Fraction'
C:\Program Files\Microsoft Visual Studio\2022\Community\VC\Tools\MSVC\14.37.32822\include\xstring(4996,62): message : или       "std::basic_string<_Elem,_Traits,_Alloc> std::operator +(std::basic_string<_Elem,_Traits,_Alloc> &&,const _Elem *const )"
C:\Users\Rog\source\repos\HW20.01\Fraction.cpp(54,9): message : 'std::basic_string<_Elem,_Traits,_Alloc> std::operator +(std::basic_string<_Elem,_Traits,_Alloc> &&,const _Elem *const )': не удалось вывести аргумент шаблон для 'std::basic_string<_Elem,_Traits,_Alloc> &&' из 'const Fraction'
C:\Program Files\Microsoft Visual Studio\2022\Community\VC\Tools\MSVC\14.37.32822\include\xstring(4990,62): message : или       "std::basic_string<_Elem,_Traits,_Alloc> std::operator +(const _Elem,std::basic_string<_Elem,_Traits,_Alloc> &&)"
C:\Users\Rog\source\repos\HW20.01\Fraction.cpp(54,9): message : 'std::basic_string<_Elem,_Traits,_Alloc> std::operator +(const _Elem,std::basic_string<_Elem,_Traits,_Alloc> &&)': не удалось вывести аргумент шаблон для 'std::basic_string<_Elem,_Traits,_Alloc> &&' из 'int'
C:\Program Files\Microsoft Visual Studio\2022\Community\VC\Tools\MSVC\14.37.32822\include\xstring(4984,62): message : или       "std::basic_string<_Elem,_Traits,_Alloc> std::operator +(const _Elem *const ,std::basic_string<_Elem,_Traits,_Alloc> &&)"
C:\Users\Rog\source\repos\HW20.01\Fraction.cpp(54,9): message : 'std::basic_string<_Elem,_Traits,_Alloc> std::operator +(const _Elem *const ,std::basic_string<_Elem,_Traits,_Alloc> &&)': не удалось вывести аргумент шаблон для 'const _Elem *const ' из 'const Fraction'
C:\Program Files\Microsoft Visual Studio\2022\Community\VC\Tools\MSVC\14.37.32822\include\xstring(4971,62): message : или       "std::basic_string<_Elem,_Traits,_Alloc> std::operator +(std::basic_string<_Elem,_Traits,_Alloc> &&,std::basic_string<_Elem,_Traits,_Alloc> &&)"
C:\Users\Rog\source\repos\HW20.01\Fraction.cpp(54,9): message : 'std::basic_string<_Elem,_Traits,_Alloc> std::operator +(std::basic_string<_Elem,_Traits,_Alloc> &&,std::basic_string<_Elem,_Traits,_Alloc> &&)': не удалось вывести аргумент шаблон для 'std::basic_string<_Elem,_Traits,_Alloc> &&' из 'const Fraction'
C:\Program Files\Microsoft Visual Studio\2022\Community\VC\Tools\MSVC\14.37.32822\include\xstring(4965,62): message : или       "std::basic_string<_Elem,_Traits,_Alloc> std::operator +(std::basic_string<_Elem,_Traits,_Alloc> &&,const std::basic_string<_Elem,_Traits,_Alloc> &)"
C:\Users\Rog\source\repos\HW20.01\Fraction.cpp(54,9): message : 'std::basic_string<_Elem,_Traits,_Alloc> std::operator +(std::basic_string<_Elem,_Traits,_Alloc> &&,const std::basic_string<_Elem,_Traits,_Alloc> &)': не удалось вывести аргумент шаблон для 'std::basic_string<_Elem,_Traits,_Alloc> &&' из 'const Fraction'
C:\Program Files\Microsoft Visual Studio\2022\Community\VC\Tools\MSVC\14.37.32822\include\xstring(4959,62): message : или       "std::basic_string<_Elem,_Traits,_Alloc> std::operator +(const std::basic_string<_Elem,_Traits,_Alloc> &,std::basic_string<_Elem,_Traits,_Alloc> &&)"
C:\Users\Rog\source\repos\HW20.01\Fraction.cpp(54,9): message : 'std::basic_string<_Elem,_Traits,_Alloc> std::operator +(const std::basic_string<_Elem,_Traits,_Alloc> &,std::basic_string<_Elem,_Traits,_Alloc> &&)': не удалось вывести аргумент шаблон для 'const std::basic_string<_Elem,_Traits,_Alloc> &' из 'const Fraction'
C:\Program Files\Microsoft Visual Studio\2022\Community\VC\Tools\MSVC\14.37.32822\include\xstring(4948,62): message : или       "std::basic_string<_Elem,_Traits,_Alloc> std::operator +(const std::basic_string<_Elem,_Traits,_Alloc> &,const _Elem)"
C:\Users\Rog\source\repos\HW20.01\Fraction.cpp(54,9): message : 'std::basic_string<_Elem,_Traits,_Alloc> std::operator +(const std::basic_string<_Elem,_Traits,_Alloc> &,const _Elem)': не удалось вывести аргумент шаблон для 'const std::basic_string<_Elem,_Traits,_Alloc> &' из 'const Fraction'
C:\Program Files\Microsoft Visual Studio\2022\Community\VC\Tools\MSVC\14.37.32822\include\xstring(4935,62): message : или       "std::basic_string<_Elem,_Traits,_Alloc> std::operator +(const std::basic_string<_Elem,_Traits,_Alloc> &,const _Elem *const )"
C:\Users\Rog\source\repos\HW20.01\Fraction.cpp(54,9): message : 'std::basic_string<_Elem,_Traits,_Alloc> std::operator +(const std::basic_string<_Elem,_Traits,_Alloc> &,const _Elem *const )': не удалось вывести аргумент шаблон для 'const std::basic_string<_Elem,_Traits,_Alloc> &' из 'const Fraction'
C:\Program Files\Microsoft Visual Studio\2022\Community\VC\Tools\MSVC\14.37.32822\include\xstring(4924,62): message : или       "std::basic_string<_Elem,_Traits,_Alloc> std::operator +(const _Elem,const std::basic_string<_Elem,_Traits,_Alloc> &)"
C:\Users\Rog\source\repos\HW20.01\Fraction.cpp(54,9): message : 'std::basic_string<_Elem,_Traits,_Alloc> std::operator +(const _Elem,const std::basic_string<_Elem,_Traits,_Alloc> &)': не удалось вывести аргумент шаблон для 'const std::basic_string<_Elem,_Traits,_Alloc> &' из 'int'
C:\Program Files\Microsoft Visual Studio\2022\Community\VC\Tools\MSVC\14.37.32822\include\xstring(4911,62): message : или       "std::basic_string<_Elem,_Traits,_Alloc> std::operator +(const _Elem *const ,const std::basic_string<_Elem,_Traits,_Alloc> &)"
C:\Users\Rog\source\repos\HW20.01\Fraction.cpp(54,9): message : 'std::basic_string<_Elem,_Traits,_Alloc> std::operator +(const _Elem *const ,const std::basic_string<_Elem,_Traits,_Alloc> &)': не удалось вывести аргумент шаблон для 'const _Elem *const ' из 'const Fraction'
C:\Program Files\Microsoft Visual Studio\2022\Community\VC\Tools\MSVC\14.37.32822\include\xstring(4899,62): message : или       "std::basic_string<_Elem,_Traits,_Alloc> std::operator +(const std::basic_string<_Elem,_Traits,_Alloc> &,const std::basic_string<_Elem,_Traits,_Alloc> &)"
C:\Users\Rog\source\repos\HW20.01\Fraction.cpp(54,9): message : 'std::basic_string<_Elem,_Traits,_Alloc> std::operator +(const std::basic_string<_Elem,_Traits,_Alloc> &,const std::basic_string<_Elem,_Traits,_Alloc> &)': не удалось вывести аргумент шаблон для 'const std::basic_string<_Elem,_Traits,_Alloc> &' из 'const Fraction'
C:\Program Files\Microsoft Visual Studio\2022\Community\VC\Tools\MSVC\14.37.32822\include\xutility(4347,5): message : или       "std::move_iterator<_Iter> std::operator +(move_iterator<_Iter>::difference_type,const std::move_iterator<_Iter> &) noexcept(<expr>)"
C:\Users\Rog\source\repos\HW20.01\Fraction.cpp(54,9): message : 'std::move_iterator<_Iter> std::operator +(move_iterator<_Iter>::difference_type,const std::move_iterator<_Iter> &) noexcept(<expr>)': не удалось вывести аргумент шаблон для 'const std::move_iterator<_Iter> &' из 'int'
C:\Program Files\Microsoft Visual Studio\2022\Community\VC\Tools\MSVC\14.37.32822\include\xutility(1762,50): message : или       "std::reverse_iterator<_BidIt> std::operator +(reverse_iterator<_BidIt>::difference_type,const std::reverse_iterator<_BidIt> &) noexcept(<expr>)"
C:\Users\Rog\source\repos\HW20.01\Fraction.cpp(54,9): message : 'std::reverse_iterator<_BidIt> std::operator +(reverse_iterator<_BidIt>::difference_type,const std::reverse_iterator<_BidIt> &) noexcept(<expr>)': не удалось вывести аргумент шаблон для 'const std::reverse_iterator<_BidIt> &' из 'int'
C:\Users\Rog\source\repos\HW20.01\Fraction.cpp(54,9): message : при попытке сопоставить список аргументов "(const Fraction, int)"
C:\Users\Rog\source\repos\HW20.01\Fraction.cpp(59,9): error C2678: бинарный "+": не найден оператор, принимающий левый операнд типа "const Fraction" (или приемлемое преобразование отсутствует)
C:\Users\Rog\source\repos\HW20.01\Fraction.h(50,11): message : может быть "Fraction Fraction::operator +(const Fraction &)"
C:\Users\Rog\source\repos\HW20.01\Fraction.cpp(57,10): message : или       "Fraction operator +(double,const Fraction &)"
C:\Users\Rog\source\repos\HW20.01\Fraction.cpp(52,10): message : или       "Fraction operator +(int,const Fraction &)"
C:\Program Files\Microsoft Visual Studio\2022\Community\VC\Tools\MSVC\14.37.32822\include\xstring(5002,62): message : или       "std::basic_string<_Elem,_Traits,_Alloc> std::operator +(std::basic_string<_Elem,_Traits,_Alloc> &&,const _Elem)"
C:\Users\Rog\source\repos\HW20.01\Fraction.cpp(59,9): message : 'std::basic_string<_Elem,_Traits,_Alloc> std::operator +(std::basic_string<_Elem,_Traits,_Alloc> &&,const _Elem)': не удалось вывести аргумент шаблон для 'std::basic_string<_Elem,_Traits,_Alloc> &&' из 'const Fraction'
C:\Program Files\Microsoft Visual Studio\2022\Community\VC\Tools\MSVC\14.37.32822\include\xstring(4996,62): message : или       "std::basic_string<_Elem,_Traits,_Alloc> std::operator +(std::basic_string<_Elem,_Traits,_Alloc> &&,const _Elem *const )"
C:\Users\Rog\source\repos\HW20.01\Fraction.cpp(59,9): message : 'std::basic_string<_Elem,_Traits,_Alloc> std::operator +(std::basic_string<_Elem,_Traits,_Alloc> &&,const _Elem *const )': не удалось вывести аргумент шаблон для 'std::basic_string<_Elem,_Traits,_Alloc> &&' из 'const Fraction'
C:\Program Files\Microsoft Visual Studio\2022\Community\VC\Tools\MSVC\14.37.32822\include\xstring(4990,62): message : или       "std::basic_string<_Elem,_Traits,_Alloc> std::operator +(const _Elem,std::basic_string<_Elem,_Traits,_Alloc> &&)"
C:\Users\Rog\source\repos\HW20.01\Fraction.cpp(59,9): message : 'std::basic_string<_Elem,_Traits,_Alloc> std::operator +(const _Elem,std::basic_string<_Elem,_Traits,_Alloc> &&)': не удалось вывести аргумент шаблон для 'std::basic_string<_Elem,_Traits,_Alloc> &&' из 'double'
C:\Program Files\Microsoft Visual Studio\2022\Community\VC\Tools\MSVC\14.37.32822\include\xstring(4984,62): message : или       "std::basic_string<_Elem,_Traits,_Alloc> std::operator +(const _Elem *const ,std::basic_string<_Elem,_Traits,_Alloc> &&)"
C:\Users\Rog\source\repos\HW20.01\Fraction.cpp(59,9): message : 'std::basic_string<_Elem,_Traits,_Alloc> std::operator +(const _Elem *const ,std::basic_string<_Elem,_Traits,_Alloc> &&)': не удалось вывести аргумент шаблон для 'const _Elem *const ' из 'const Fraction'
C:\Program Files\Microsoft Visual Studio\2022\Community\VC\Tools\MSVC\14.37.32822\include\xstring(4971,62): message : или       "std::basic_string<_Elem,_Traits,_Alloc> std::operator +(std::basic_string<_Elem,_Traits,_Alloc> &&,std::basic_string<_Elem,_Traits,_Alloc> &&)"
C:\Users\Rog\source\repos\HW20.01\Fraction.cpp(59,9): message : 'std::basic_string<_Elem,_Traits,_Alloc> std::operator +(std::basic_string<_Elem,_Traits,_Alloc> &&,std::basic_string<_Elem,_Traits,_Alloc> &&)': не удалось вывести аргумент шаблон для 'std::basic_string<_Elem,_Traits,_Alloc> &&' из 'const Fraction'
C:\Program Files\Microsoft Visual Studio\2022\Community\VC\Tools\MSVC\14.37.32822\include\xstring(4965,62): message : или       "std::basic_string<_Elem,_Traits,_Alloc> std::operator +(std::basic_string<_Elem,_Traits,_Alloc> &&,const std::basic_string<_Elem,_Traits,_Alloc> &)"
C:\Users\Rog\source\repos\HW20.01\Fraction.cpp(59,9): message : 'std::basic_string<_Elem,_Traits,_Alloc> std::operator +(std::basic_string<_Elem,_Traits,_Alloc> &&,const std::basic_string<_Elem,_Traits,_Alloc> &)': не удалось вывести аргумент шаблон для 'std::basic_string<_Elem,_Traits,_Alloc> &&' из 'const Fraction'
C:\Program Files\Microsoft Visual Studio\2022\Community\VC\Tools\MSVC\14.37.32822\include\xstring(4959,62): message : или       "std::basic_string<_Elem,_Traits,_Alloc> std::operator +(const std::basic_string<_Elem,_Traits,_Alloc> &,std::basic_string<_Elem,_Traits,_Alloc> &&)"
C:\Users\Rog\source\repos\HW20.01\Fraction.cpp(59,9): message : 'std::basic_string<_Elem,_Traits,_Alloc> std::operator +(const std::basic_string<_Elem,_Traits,_Alloc> &,std::basic_string<_Elem,_Traits,_Alloc> &&)': не удалось вывести аргумент шаблон для 'const std::basic_string<_Elem,_Traits,_Alloc> &' из 'const Fraction'
C:\Program Files\Microsoft Visual Studio\2022\Community\VC\Tools\MSVC\14.37.32822\include\xstring(4948,62): message : или       "std::basic_string<_Elem,_Traits,_Alloc> std::operator +(const std::basic_string<_Elem,_Traits,_Alloc> &,const _Elem)"
C:\Users\Rog\source\repos\HW20.01\Fraction.cpp(59,9): message : 'std::basic_string<_Elem,_Traits,_Alloc> std::operator +(const std::basic_string<_Elem,_Traits,_Alloc> &,const _Elem)': не удалось вывести аргумент шаблон для 'const std::basic_string<_Elem,_Traits,_Alloc> &' из 'const Fraction'
C:\Program Files\Microsoft Visual Studio\2022\Community\VC\Tools\MSVC\14.37.32822\include\xstring(4935,62): message : или       "std::basic_string<_Elem,_Traits,_Alloc> std::operator +(const std::basic_string<_Elem,_Traits,_Alloc> &,const _Elem *const )"
C:\Users\Rog\source\repos\HW20.01\Fraction.cpp(59,9): message : 'std::basic_string<_Elem,_Traits,_Alloc> std::operator +(const std::basic_string<_Elem,_Traits,_Alloc> &,const _Elem *const )': не удалось вывести аргумент шаблон для 'const std::basic_string<_Elem,_Traits,_Alloc> &' из 'const Fraction'
C:\Program Files\Microsoft Visual Studio\2022\Community\VC\Tools\MSVC\14.37.32822\include\xstring(4924,62): message : или       "std::basic_string<_Elem,_Traits,_Alloc> std::operator +(const _Elem,const std::basic_string<_Elem,_Traits,_Alloc> &)"
C:\Users\Rog\source\repos\HW20.01\Fraction.cpp(59,9): message : 'std::basic_string<_Elem,_Traits,_Alloc> std::operator +(const _Elem,const std::basic_string<_Elem,_Traits,_Alloc> &)': не удалось вывести аргумент шаблон для 'const std::basic_string<_Elem,_Traits,_Alloc> &' из 'double'
C:\Program Files\Microsoft Visual Studio\2022\Community\VC\Tools\MSVC\14.37.32822\include\xstring(4911,62): message : или       "std::basic_string<_Elem,_Traits,_Alloc> std::operator +(const _Elem *const ,const std::basic_string<_Elem,_Traits,_Alloc> &)"
C:\Users\Rog\source\repos\HW20.01\Fraction.cpp(59,9): message : 'std::basic_string<_Elem,_Traits,_Alloc> std::operator +(const _Elem *const ,const std::basic_string<_Elem,_Traits,_Alloc> &)': не удалось вывести аргумент шаблон для 'const _Elem *const ' из 'const Fraction'
C:\Program Files\Microsoft Visual Studio\2022\Community\VC\Tools\MSVC\14.37.32822\include\xstring(4899,62): message : или       "std::basic_string<_Elem,_Traits,_Alloc> std::operator +(const std::basic_string<_Elem,_Traits,_Alloc> &,const std::basic_string<_Elem,_Traits,_Alloc> &)"
C:\Users\Rog\source\repos\HW20.01\Fraction.cpp(59,9): message : 'std::basic_string<_Elem,_Traits,_Alloc> std::operator +(const std::basic_string<_Elem,_Traits,_Alloc> &,const std::basic_string<_Elem,_Traits,_Alloc> &)': не удалось вывести аргумент шаблон для 'const std::basic_string<_Elem,_Traits,_Alloc> &' из 'const Fraction'
C:\Program Files\Microsoft Visual Studio\2022\Community\VC\Tools\MSVC\14.37.32822\include\xutility(4347,5): message : или       "std::move_iterator<_Iter> std::operator +(move_iterator<_Iter>::difference_type,const std::move_iterator<_Iter> &) noexcept(<expr>)"
C:\Users\Rog\source\repos\HW20.01\Fraction.cpp(59,9): message : 'std::move_iterator<_Iter> std::operator +(move_iterator<_Iter>::difference_type,const std::move_iterator<_Iter> &) noexcept(<expr>)': не удалось вывести аргумент шаблон для 'const std::move_iterator<_Iter> &' из 'double'
C:\Program Files\Microsoft Visual Studio\2022\Community\VC\Tools\MSVC\14.37.32822\include\xutility(1762,50): message : или       "std::reverse_iterator<_BidIt> std::operator +(reverse_iterator<_BidIt>::difference_type,const std::reverse_iterator<_BidIt> &) noexcept(<expr>)"
C:\Users\Rog\source\repos\HW20.01\Fraction.cpp(59,9): message : 'std::reverse_iterator<_BidIt> std::operator +(reverse_iterator<_BidIt>::difference_type,const std::reverse_iterator<_BidIt> &) noexcept(<expr>)': не удалось вывести аргумент шаблон для 'const std::reverse_iterator<_BidIt> &' из 'double'
C:\Users\Rog\source\repos\HW20.01\Fraction.cpp(59,9): message : при попытке сопоставить список аргументов "(const Fraction, double)"
C:\Users\Rog\source\repos\HW20.01\Fraction.cpp(73,42): warning C4244: аргумент: преобразование "double" в "int", возможна потеря данных
  Group.cpp
C:\Users\Rog\source\repos\HW20.01\Group.cpp(18,27): error C2440: =: невозможно преобразовать "const unsigned short" в "Student **"
C:\Users\Rog\source\repos\HW20.01\Group.cpp(18,27): message : Для преобразования из целого типа в указатель требуется reinterpret_cast, приведение в стиле С или приведение в стиле функции в круглых скобках
  HW20.01.cpp
C:\Users\Rog\source\repos\HW20.01\HW20.01.cpp(6,10): warning C4067: непредвиденные лексемы за директивой препроцессора, требуется newline
C:\Users\Rog\source\repos\HW20.01\HW20.01.cpp(23,21): warning C4244: +=: преобразование "__int64" в "int", возможна потеря данных
C:\Users\Rog\source\repos\HW20.01\HW20.01.cpp(24,22): warning C4244: +=: преобразование "__int64" в "int", возможна потеря данных
  Student.cpp
C:\Users\Rog\source\repos\HW20.01\Student.cpp(30,27): warning C4018: <: несоответствие типов со знаком и без знака
C:\Users\Rog\source\repos\HW20.01\Student.cpp(36,27): warning C4018: <: несоответствие типов со знаком и без знака
C:\Users\Rog\source\repos\HW20.01\Student.cpp(42,27): warning C4018: <: несоответствие типов со знаком и без знака
C:\Users\Rog\source\repos\HW20.01\Student.cpp(114,9): error C2662: void Student::AverageGrade(void): невозможно преобразовать указатель "this" из "const Student" в "Student &"
C:\Users\Rog\source\repos\HW20.01\Student.cpp(114,9): message : В результате преобразования теряются квалификаторы
C:\Users\Rog\source\repos\HW20.01\Student.h(37,14): message : см. объявление "Student::AverageGrade"
C:\Users\Rog\source\repos\HW20.01\Student.cpp(114,9): message : при попытке сопоставить список аргументов "()"
C:\Users\Rog\source\repos\HW20.01\Student.cpp(116,9): error C2662: void Student::Time(void): невозможно преобразовать указатель "this" из "const Student" в "Student &"
C:\Users\Rog\source\repos\HW20.01\Student.cpp(116,9): message : В результате преобразования теряются квалификаторы
C:\Users\Rog\source\repos\HW20.01\Student.cpp(94,19): message : см. объявление "Student::Time"
C:\Users\Rog\source\repos\HW20.01\Student.cpp(116,9): message : при попытке сопоставить список аргументов "()"
C:\Users\Rog\source\repos\HW20.01\Student.cpp(122,27): warning C4018: <: несоответствие типов со знаком и без знака
C:\Users\Rog\source\repos\HW20.01\Student.cpp(137,27): warning C4018: <: несоответствие типов со знаком и без знака
C:\Users\Rog\source\repos\HW20.01\Student.cpp(153,27): warning C4018: <: несоответствие типов со знаком и без знака
C:\Users\Rog\source\repos\HW20.01\Student.cpp(179,27): warning C4018: <: несоответствие типов со знаком и без знака
C:\Users\Rog\source\repos\HW20.01\Student.cpp(194,27): warning C4018: <: несоответствие типов со знаком и без знака
C:\Users\Rog\source\repos\HW20.01\Student.cpp(220,27): warning C4018: <: несоответствие типов со знаком и без знака
C:\Users\Rog\source\repos\HW20.01\Student.cpp(235,27): warning C4018: <: несоответствие типов со знаком и без знака
  Создание кода...
